#-----------------------------------------------------------
# Vivado v2018.2 (64-bit)
# SW Build 2258646 on Thu Jun 14 20:03:12 MDT 2018
# IP Build 2256618 on Thu Jun 14 22:10:49 MDT 2018
# Start of session at: Wed Feb 14 16:35:13 2024
# Process ID: 2504
# Current directory: C:/Users/Jamar.Price/OneDrive - afacademy.af.edu/ECE/ECE 281/ICE/ece281-ice3
# Command line: vivado.exe -gui_launcher_event rodinguilauncherevent10764 C:\Users\Jamar.Price\OneDrive - afacademy.af.edu\ECE\ECE 281\ICE\ece281-ice3\fullAdder.xpr
# Log file: C:/Users/Jamar.Price/OneDrive - afacademy.af.edu/ECE/ECE 281/ICE/ece281-ice3/vivado.log
# Journal file: C:/Users/Jamar.Price/OneDrive - afacademy.af.edu/ECE/ECE 281/ICE/ece281-ice3\vivado.jou
#-----------------------------------------------------------
start_gui
open_project {C:/Users/Jamar.Price/OneDrive - afacademy.af.edu/ECE/ECE 281/ICE/ece281-ice3/fullAdder.xpr}
Scanning sources...
Finished scanning sources
WARNING: [filemgmt 56-3] IPUserFilesDir: Could not find the directory 'C:/Users/Jamar.Price/OneDrive - afacademy.af.edu/ECE/ECE 281/ICE/ece281-ice3/fullAdder.ip_user_files'.
INFO: [IP_Flow 19-234] Refreshing IP repositories
INFO: [IP_Flow 19-1704] No user IP repositories specified
INFO: [IP_Flow 19-2313] Loaded Vivado IP repository 'C:/Vivado/2018.2/data/ip'.
open_project: Time (s): cpu = 00:00:03 ; elapsed = 00:00:05 . Memory (MB): peak = 768.590 ; gain = 42.109
update_compile_order -fileset sources_1
exit
INFO: [Common 17-206] Exiting Vivado at Wed Feb 14 16:45:41 2024...
